#
# There is insufficient memory for the Java Runtime Environment to continue.
# Native memory allocation (malloc) failed to allocate 1048576 bytes for AllocateHeap
# Possible reasons:
#   The system is out of physical RAM or swap space
#   The process is running with CompressedOops enabled, and the Java Heap may be blocking the growth of the native heap
# Possible solutions:
#   Reduce memory load on the system
#   Increase physical memory or swap space
#   Check if swap backing store is full
#   Decrease Java heap size (-Xmx/-Xms)
#   Decrease number of Java threads
#   Set larger code cache with -XX:ReservedCodeCacheSize=
#   JVM is running with Unscaled Compressed Oops mode in which the Java heap is
#     placed in the first 4GB address space. The Java Heap base address is the
#     maximum limit for the native heap growth. Please use -XX:HeapBaseMinAddress
#     to set the Java Heap base and to place the Java Heap above 4GB virtual address.
# This output file may be truncated or incomplete.
#
#  Out of Memory Error (./src/hotspot/share/memory/allocation.cpp:46), pid=1780, tid=14668
#
# JRE version: OpenJDK Runtime Environment AdoptOpenJDK (11.0.9+11) (build 11.0.9+11)
# Java VM: OpenJDK 64-Bit Server VM AdoptOpenJDK (11.0.9+11, mixed mode, tiered, compressed oops, g1 gc, windows-amd64)
# No core dump will be written. Minidumps are not enabled by default on client versions of Windows
#

---------------  S U M M A R Y ------------

Command Line: -XX:TieredStopAtLevel=1 -Xverify:none -Dspring.output.ansi.enabled=always -javaagent:C:\Users\GBOUZAZI\AppData\Local\JetBrains\Toolbox\apps\IDEA-U\ch-0\211.7142.45\lib\idea_rt.jar=56505:C:\Users\GBOUZAZI\AppData\Local\JetBrains\Toolbox\apps\IDEA-U\ch-0\211.7142.45\bin -Dcom.sun.management.jmxremote -Dspring.jmx.enabled=true -Dspring.liveBeansView.mbeanDomain -Dspring.application.admin.enabled=true -Dfile.encoding=UTF-8 com.openclassrooms.paymybuddy.PayMyBuddyApplication

Host: Intel(R) Core(TM) i5-8250U CPU @ 1.60GHz, 8 cores, 7G,  Windows 10 , 64 bit Build 19041 (10.0.19041.928)
Time: Fri May 28 11:39:11 2021 Paris, Madrid (heure d’été) elapsed time: 10.702799 seconds (0d 0h 0m 10s)

---------------  T H R E A D  ---------------

Current thread (0x000001c936e80000):  VMThread "VM Thread" [stack: 0x00000014a3d00000,0x00000014a3e00000] [id=14668]

Stack: [0x00000014a3d00000,0x00000014a3e00000]
[error occurred during error reporting (printing stack bounds), id 0xc0000005, EXCEPTION_ACCESS_VIOLATION (0xc0000005) at pc=0x000001c91fe10dad]


[error occurred during error reporting (printing native stack), id 0xc00000fd, EXCEPTION_STACK_OVERFLOW (0xc00000fd) at pc=0x00007ffa5af0a7b8]

VM_Operation (0x00000014a37fdc60): CollectForMetadataAllocation, mode: safepoint, requested by thread 0x000001c9177b7800


---------------  P R O C E S S  ---------------

Threads class SMR info:
_java_thread_list=0x000001c938792430, length=13, elements={
0x000001c9177b7800, 0x000001c936eb5800, 0x000001c936ea4000, 0x000001c936f00800,
0x000001c936f02800, 0x000001c936f03800, 0x000001c936f06800, 0x000001c933dbc000,
0x000001c9374df000, 0x000001c9374e0000, 0x000001c9376d6800, 0x000001c9386db000,
0x000001c937815800
}

Java Threads: ( => current thread )
  0x000001c9177b7800 JavaThread "main" [_thread_blocked, id=22588, stack(0x00000014a3700000,0x00000014a3800000)]
  0x000001c936eb5800 JavaThread "Reference Handler" daemon [_thread_blocked, id=23192, stack(0x00000014a3e00000,0x00000014a3f00000)]
  0x000001c936ea4000 JavaThread "Finalizer" daemon [_thread_blocked, id=32144, stack(0x00000014a3f00000,0x00000014a4000000)]
  0x000001c936f00800 JavaThread "Signal Dispatcher" daemon [_thread_blocked, id=13316, stack(0x00000014a4000000,0x00000014a4100000)]
  0x000001c936f02800 JavaThread "Attach Listener" daemon [_thread_blocked, id=23360, stack(0x00000014a4100000,0x00000014a4200000)]
  0x000001c936f03800 JavaThread "C1 CompilerThread0" daemon [_thread_blocked, id=24284, stack(0x00000014a4200000,0x00000014a4300000)]
  0x000001c936f06800 JavaThread "Sweeper thread" daemon [_thread_blocked, id=31568, stack(0x00000014a4300000,0x00000014a4400000)]
  0x000001c933dbc000 JavaThread "Common-Cleaner" daemon [_thread_blocked, id=23068, stack(0x00000014a4400000,0x00000014a4500000)]
  0x000001c9374df000 JavaThread "Monitor Ctrl-Break" daemon [_thread_in_native, id=28896, stack(0x00000014a4500000,0x00000014a4600000)]
  0x000001c9374e0000 JavaThread "Service Thread" daemon [_thread_blocked, id=31244, stack(0x00000014a4600000,0x00000014a4700000)]
  0x000001c9376d6800 JavaThread "RMI TCP Accept-0" daemon [_thread_in_native, id=20092, stack(0x00000014a4700000,0x00000014a4800000)]
  0x000001c9386db000 JavaThread "RMI TCP Connection(1)-172.26.64.1" daemon [_thread_in_native, id=20048, stack(0x00000014a4c00000,0x00000014a4d00000)]
  0x000001c937815800 JavaThread "RMI Scheduler(0)" daemon [_thread_blocked, id=32420, stack(0x00000014a4e00000,0x00000014a4f00000)]

Other Threads:
=>0x000001c936e80000 VMThread "VM Thread" [stack: 0x00000014a3d00000,0x00000014a3e00000] [id=14668]
  0x000001c9376cd800 WatcherThread [stack: 0x00000014a4800000,0x00000014a4900000] [id=31084]
  0x000001c9177cd800 GCTaskThread "GC Thread#0" [stack: 0x00000014a3800000,0x00000014a3900000] [id=20216]
  0x000001c9376d3800 GCTaskThread "GC Thread#1" [stack: 0x00000014a4900000,0x00000014a4a00000] [id=5556]
  0x000001c937ae7000 GCTaskThread "GC Thread#2" [stack: 0x00000014a4a00000,0x00000014a4b00000] [id=31536]
  0x000001c933bc4000 ConcurrentGCThread "G1 Main Marker" [stack: 0x00000014a3900000,0x00000014a3a00000] [id=2992]
  0x000001c9177fd800 ConcurrentGCThread "G1 Conc#0" [stack: 0x00000014a3a00000,0x00000014a3b00000] [id=24224]
  0x000001c93871e000 ConcurrentGCThread "G1 Conc#1" [stack: 0x00000014a4d00000,0x00000014a4e00000] [id=18360]
  0x000001c933c69000 ConcurrentGCThread "G1 Refine#0" [stack: 0x00000014a3b00000,0x00000014a3c00000] [id=30688]
  0x000001c938626800 ConcurrentGCThread "G1 Refine#1" [stack: 0x00000014a4b00000,0x00000014a4c00000] [id=20880]
  0x000001c933c6a800 ConcurrentGCThread "G1 Young RemSet Sampling" [stack: 0x00000014a3c00000,0x00000014a3d00000] [id=24084]

Threads with active compile tasks:

VM state:at safepoint (normal execution)

VM Mutex/Monitor currently owned by a thread:  ([mutex/lock_event])
[0x000001c9177ace10] Threads_lock - owner thread: 0x000001c936e80000
[0x000001c9177b5b60] Heap_lock - owner thread: 0x000001c9177b7800

Heap address: 0x0000000082c00000, size: 2004 MB, Compressed Oops mode: 32-bit
Narrow klass base: 0x0000000000000000, Narrow klass shift: 3
Compressed class space size: 1073741824 Address: 0x0000000100000000

Heap:
 garbage-first heap   total 129024K, used 8868K [0x0000000082c00000, 0x0000000100000000)
  region size 1024K, 2 young (2048K), 2 survivors (2048K)
 Metaspace       used 18589K, capacity 19267K, committed 19328K, reserved 1089536K
  class space    used 2156K, capacity 2411K, committed 2432K, reserved 1048576K
Heap Regions: E=young(eden), S=young(survivor), O=old, HS=humongous(starts), HC=humongous(continues), CS=collection set, F=free, A=archive, TAMS=top-at-mark-start (previous, next)
|   0|0x0000000082c00000, 0x0000000082d00000, 0x0000000082d00000|100%|HS|  |TAMS 0x0000000082d00000, 0x0000000082d00000| Complete 
|   1|0x0000000082d00000, 0x0000000082e00000, 0x0000000082e00000|100%| O|  |TAMS 0x0000000082e00000, 0x0000000082e00000| Untracked 
|   2|0x0000000082e00000, 0x0000000082f00000, 0x0000000082f00000|100%| O|  |TAMS 0x0000000082f00000, 0x0000000082f00000| Untracked 
|   3|0x0000000082f00000, 0x0000000083000000, 0x0000000083000000|100%| O|  |TAMS 0x0000000083000000, 0x0000000083000000| Untracked 
|   4|0x0000000083000000, 0x0000000083100000, 0x0000000083100000|100%| O|  |TAMS 0x0000000083100000, 0x0000000083100000| Untracked 
|   5|0x0000000083100000, 0x0000000083200000, 0x0000000083200000|100%| O|  |TAMS 0x0000000083200000, 0x0000000083200000| Untracked 
|   6|0x0000000083200000, 0x0000000083300000, 0x0000000083300000|100%| O|  |TAMS 0x0000000083300000, 0x0000000083300000| Untracked 
|   7|0x0000000083300000, 0x0000000083335a00, 0x0000000083400000| 20%| O|  |TAMS 0x0000000083335a00, 0x0000000083335a00| Untracked 
|   8|0x0000000083400000, 0x0000000083400000, 0x0000000083500000|  0%| F|  |TAMS 0x0000000083400000, 0x0000000083400000| Untracked 
|   9|0x0000000083500000, 0x0000000083500000, 0x0000000083600000|  0%| F|  |TAMS 0x0000000083500000, 0x0000000083500000| Untracked 
|  10|0x0000000083600000, 0x0000000083600000, 0x0000000083700000|  0%| F|  |TAMS 0x0000000083600000, 0x0000000083600000| Untracked 
|  11|0x0000000083700000, 0x0000000083700000, 0x0000000083800000|  0%| F|  |TAMS 0x0000000083700000, 0x0000000083700000| Untracked 
|  12|0x0000000083800000, 0x0000000083800000, 0x0000000083900000|  0%| F|  |TAMS 0x0000000083800000, 0x0000000083800000| Untracked 
|  13|0x0000000083900000, 0x0000000083900000, 0x0000000083a00000|  0%| F|  |TAMS 0x0000000083900000, 0x0000000083900000| Untracked 
|  14|0x0000000083a00000, 0x0000000083a00000, 0x0000000083b00000|  0%| F|  |TAMS 0x0000000083a00000, 0x0000000083a00000| Untracked 
|  15|0x0000000083b00000, 0x0000000083b00000, 0x0000000083c00000|  0%| F|  |TAMS 0x0000000083b00000, 0x0000000083b00000| Untracked 
|  16|0x0000000083c00000, 0x0000000083c00000, 0x0000000083d00000|  0%| F|  |TAMS 0x0000000083c00000, 0x0000000083c00000| Untracked 
|  17|0x0000000083d00000, 0x0000000083d00000, 0x0000000083e00000|  0%| F|  |TAMS 0x0000000083d00000, 0x0000000083d00000| Untracked 
|  18|0x0000000083e00000, 0x0000000083e00000, 0x0000000083f00000|  0%| F|  |TAMS 0x0000000083e00000, 0x0000000083e00000| Untracked 
|  19|0x0000000083f00000, 0x0000000083f00000, 0x0000000084000000|  0%| F|  |TAMS 0x0000000083f00000, 0x0000000083f00000| Untracked 
|  20|0x0000000084000000, 0x0000000084000000, 0x0000000084100000|  0%| F|  |TAMS 0x0000000084000000, 0x0000000084000000| Untracked 
|  21|0x0000000084100000, 0x0000000084100000, 0x0000000084200000|  0%| F|  |TAMS 0x0000000084100000, 0x0000000084100000| Untracked 
|  22|0x0000000084200000, 0x0000000084200000, 0x0000000084300000|  0%| F|  |TAMS 0x0000000084200000, 0x0000000084200000| Untracked 
|  23|0x0000000084300000, 0x0000000084300000, 0x0000000084400000|  0%| F|  |TAMS 0x0000000084300000, 0x0000000084300000| Untracked 
|  24|0x0000000084400000, 0x0000000084400000, 0x0000000084500000|  0%| F|  |TAMS 0x0000000084400000, 0x0000000084400000| Untracked 
|  25|0x0000000084500000, 0x0000000084500000, 0x0000000084600000|  0%| F|  |TAMS 0x0000000084500000, 0x0000000084500000| Untracked 
|  26|0x0000000084600000, 0x0000000084600000, 0x0000000084700000|  0%| F|  |TAMS 0x0000000084600000, 0x0000000084600000| Untracked 
|  27|0x0000000084700000, 0x0000000084700000, 0x0000000084800000|  0%| F|  |TAMS 0x0000000084700000, 0x0000000084700000| Untracked 
|  28|0x0000000084800000, 0x0000000084800000, 0x0000000084900000|  0%| F|  |TAMS 0x0000000084800000, 0x0000000084800000| Untracked 
|  29|0x0000000084900000, 0x0000000084900000, 0x0000000084a00000|  0%| F|  |TAMS 0x0000000084900000, 0x0000000084900000| Untracked 
|  30|0x0000000084a00000, 0x0000000084a00000, 0x0000000084b00000|  0%| F|  |TAMS 0x0000000084a00000, 0x0000000084a00000| Untracked 
|  31|0x0000000084b00000, 0x0000000084b00000, 0x0000000084c00000|  0%| F|  |TAMS 0x0000000084b00000, 0x0000000084b00000| Untracked 
|  32|0x0000000084c00000, 0x0000000084c00000, 0x0000000084d00000|  0%| F|  |TAMS 0x0000000084c00000, 0x0000000084c00000| Untracked 
|  33|0x0000000084d00000, 0x0000000084d00000, 0x0000000084e00000|  0%| F|  |TAMS 0x0000000084d00000, 0x0000000084d00000| Untracked 
|  34|0x0000000084e00000, 0x0000000084e00000, 0x0000000084f00000|  0%| F|  |TAMS 0x0000000084e00000, 0x0000000084e00000| Untracked 
|  35|0x0000000084f00000, 0x0000000084f00000, 0x0000000085000000|  0%| F|  |TAMS 0x0000000084f00000, 0x0000000084f00000| Untracked 
|  36|0x0000000085000000, 0x0000000085000000, 0x0000000085100000|  0%| F|  |TAMS 0x0000000085000000, 0x0000000085000000| Untracked 
|  37|0x0000000085100000, 0x0000000085100000, 0x0000000085200000|  0%| F|  |TAMS 0x0000000085100000, 0x0000000085100000| Untracked 
|  38|0x0000000085200000, 0x0000000085200000, 0x0000000085300000|  0%| F|  |TAMS 0x0000000085200000, 0x0000000085200000| Untracked 
|  39|0x0000000085300000, 0x0000000085300000, 0x0000000085400000|  0%| F|  |TAMS 0x0000000085300000, 0x0000000085300000| Untracked 
|  40|0x0000000085400000, 0x0000000085400000, 0x0000000085500000|  0%| F|  |TAMS 0x0000000085400000, 0x0000000085400000| Untracked 
|  41|0x0000000085500000, 0x0000000085500000, 0x0000000085600000|  0%| F|  |TAMS 0x0000000085500000, 0x0000000085500000| Untracked 
|  42|0x0000000085600000, 0x0000000085600000, 0x0000000085700000|  0%| F|  |TAMS 0x0000000085600000, 0x0000000085600000| Untracked 
|  43|0x0000000085700000, 0x0000000085700000, 0x0000000085800000|  0%| F|  |TAMS 0x0000000085700000, 0x0000000085700000| Untracked 
|  44|0x0000000085800000, 0x0000000085800000, 0x0000000085900000|  0%| F|  |TAMS 0x0000000085800000, 0x0000000085800000| Untracked 
|  45|0x0000000085900000, 0x0000000085900000, 0x0000000085a00000|  0%| F|  |TAMS 0x0000000085900000, 0x0000000085900000| Untracked 
|  46|0x0000000085a00000, 0x0000000085a00000, 0x0000000085b00000|  0%| F|  |TAMS 0x0000000085a00000, 0x0000000085a00000| Untracked 
|  47|0x0000000085b00000, 0x0000000085b00000, 0x0000000085c00000|  0%| F|  |TAMS 0x0000000085b00000, 0x0000000085b00000| Untracked 
|  48|0x0000000085c00000, 0x0000000085c00000, 0x0000000085d00000|  0%| F|  |TAMS 0x0000000085c00000, 0x0000000085c00000| Untracked 
|  49|0x0000000085d00000, 0x0000000085d00000, 0x0000000085e00000|  0%| F|  |TAMS 0x0000000085d00000, 0x0000000085d00000| Untracked 
|  50|0x0000000085e00000, 0x0000000085e00000, 0x0000000085f00000|  0%| F|  |TAMS 0x0000000085e00000, 0x0000000085e00000| Untracked 
|  51|0x0000000085f00000, 0x0000000085f00000, 0x0000000086000000|  0%| F|  |TAMS 0x0000000085f00000, 0x0000000085f00000| Untracked 
|  52|0x0000000086000000, 0x0000000086000000, 0x0000000086100000|  0%| F|  |TAMS 0x0000000086000000, 0x0000000086000000| Untracked 
|  53|0x0000000086100000, 0x0000000086100000, 0x0000000086200000|  0%| F|  |TAMS 0x0000000086100000, 0x0000000086100000| Untracked 
|  54|0x0000000086200000, 0x0000000086200000, 0x0000000086300000|  0%| F|  |TAMS 0x0000000086200000, 0x0000000086200000| Untracked 
|  55|0x0000000086300000, 0x0000000086300000, 0x0000000086400000|  0%| F|  |TAMS 0x0000000086300000, 0x0000000086300000| Untracked 
|  56|0x0000000086400000, 0x0000000086400000, 0x0000000086500000|  0%| F|  |TAMS 0x0000000086400000, 0x0000000086400000| Untracked 
|  57|0x0000000086500000, 0x0000000086500000, 0x0000000086600000|  0%| F|  |TAMS 0x0000000086500000, 0x0000000086500000| Untracked 
|  58|0x0000000086600000, 0x0000000086600000, 0x0000000086700000|  0%| F|  |TAMS 0x0000000086600000, 0x0000000086600000| Untracked 
|  59|0x0000000086700000, 0x0000000086700000, 0x0000000086800000|  0%| F|  |TAMS 0x0000000086700000, 0x0000000086700000| Untracked 
|  60|0x0000000086800000, 0x0000000086800000, 0x0000000086900000|  0%| F|  |TAMS 0x0000000086800000, 0x0000000086800000| Untracked 
|  61|0x0000000086900000, 0x0000000086900000, 0x0000000086a00000|  0%| F|  |TAMS 0x0000000086900000, 0x0000000086900000| Untracked 
|  62|0x0000000086a00000, 0x0000000086a00000, 0x0000000086b00000|  0%| F|  |TAMS 0x0000000086a00000, 0x0000000086a00000| Untracked 
|  63|0x0000000086b00000, 0x0000000086b00000, 0x0000000086c00000|  0%| F|  |TAMS 0x0000000086b00000, 0x0000000086b00000| Untracked 
|  64|0x0000000086c00000, 0x0000000086c00000, 0x0000000086d00000|  0%| F|  |TAMS 0x0000000086c00000, 0x0000000086c00000| Untracked 
|  65|0x0000000086d00000, 0x0000000086d00000, 0x0000000086e00000|  0%| F|  |TAMS 0x0000000086d00000, 0x0000000086d00000| Untracked 
|  66|0x0000000086e00000, 0x0000000086e00000, 0x0000000086f00000|  0%| F|  |TAMS 0x0000000086e00000, 0x0000000086e00000| Untracked 
|  67|0x0000000086f00000, 0x0000000086f00000, 0x0000000087000000|  0%| F|  |TAMS 0x0000000086f00000, 0x0000000086f00000| Untracked 
|  68|0x0000000087000000, 0x0000000087000000, 0x0000000087100000|  0%| F|  |TAMS 0x0000000087000000, 0x0000000087000000| Untracked 
|  69|0x0000000087100000, 0x0000000087100000, 0x0000000087200000|  0%| F|  |TAMS 0x0000000087100000, 0x0000000087100000| Untracked 
|  70|0x0000000087200000, 0x0000000087200000, 0x0000000087300000|  0%| F|  |TAMS 0x0000000087200000, 0x0000000087200000| Untracked 
|  71|0x0000000087300000, 0x0000000087300000, 0x0000000087400000|  0%| F|  |TAMS 0x0000000087300000, 0x0000000087300000| Untracked 
|  72|0x0000000087400000, 0x0000000087400000, 0x0000000087500000|  0%| F|  |TAMS 0x0000000087400000, 0x0000000087400000| Untracked 
|  73|0x0000000087500000, 0x0000000087500000, 0x0000000087600000|  0%| F|  |TAMS 0x0000000087500000, 0x0000000087500000| Untracked 
|  74|0x0000000087600000, 0x0000000087600000, 0x0000000087700000|  0%| F|  |TAMS 0x0000000087600000, 0x0000000087600000| Untracked 
|  75|0x0000000087700000, 0x0000000087700000, 0x0000000087800000|  0%| F|  |TAMS 0x0000000087700000, 0x0000000087700000| Untracked 
|  76|0x0000000087800000, 0x0000000087800000, 0x0000000087900000|  0%| F|  |TAMS 0x0000000087800000, 0x0000000087800000| Untracked 
|  77|0x0000000087900000, 0x0000000087900000, 0x0000000087a00000|  0%| F|  |TAMS 0x0000000087900000, 0x0000000087900000| Untracked 
|  78|0x0000000087a00000, 0x0000000087a00000, 0x0000000087b00000|  0%| F|  |TAMS 0x0000000087a00000, 0x0000000087a00000| Untracked 
|  79|0x0000000087b00000, 0x0000000087b00000, 0x0000000087c00000|  0%| F|  |TAMS 0x0000000087b00000, 0x0000000087b00000| Untracked 
|  80|0x0000000087c00000, 0x0000000087c00000, 0x0000000087d00000|  0%| F|  |TAMS 0x0000000087c00000, 0x0000000087c00000| Untracked 
|  81|0x0000000087d00000, 0x0000000087d00000, 0x0000000087e00000|  0%| F|  |TAMS 0x0000000087d00000, 0x0000000087d00000| Untracked 
|  82|0x0000000087e00000, 0x0000000087e00000, 0x0000000087f00000|  0%| F|  |TAMS 0x0000000087e00000, 0x0000000087e00000| Untracked 
|  83|0x0000000087f00000, 0x0000000087f00000, 0x0000000088000000|  0%| F|  |TAMS 0x0000000087f00000, 0x0000000087f00000| Untracked 
|  84|0x0000000088000000, 0x0000000088000000, 0x0000000088100000|  0%| F|  |TAMS 0x0000000088000000, 0x0000000088000000| Untracked 
|  85|0x0000000088100000, 0x0000000088100000, 0x0000000088200000|  0%| F|  |TAMS 0x0000000088100000, 0x0000000088100000| Untracked 
|  86|0x0000000088200000, 0x0000000088200000, 0x0000000088300000|  0%| F|  |TAMS 0x0000000088200000, 0x0000000088200000| Untracked 
|  87|0x0000000088300000, 0x0000000088300000, 0x0000000088400000|  0%| F|  |TAMS 0x0000000088300000, 0x0000000088300000| Untracked 
|  88|0x0000000088400000, 0x0000000088400000, 0x0000000088500000|  0%| F|  |TAMS 0x0000000088400000, 0x0000000088400000| Untracked 
|  89|0x0000000088500000, 0x0000000088500000, 0x0000000088600000|  0%| F|  |TAMS 0x0000000088500000, 0x0000000088500000| Untracked 
|  90|0x0000000088600000, 0x0000000088600000, 0x0000000088700000|  0%| F|  |TAMS 0x0000000088600000, 0x0000000088600000| Untracked 
|  91|0x0000000088700000, 0x0000000088700000, 0x0000000088800000|  0%| F|  |TAMS 0x0000000088700000, 0x0000000088700000| Untracked 
|  92|0x0000000088800000, 0x0000000088800000, 0x0000000088900000|  0%| F|  |TAMS 0x0000000088800000, 0x0000000088800000| Untracked 
|  93|0x0000000088900000, 0x0000000088900000, 0x0000000088a00000|  0%| F|  |TAMS 0x0000000088900000, 0x0000000088900000| Untracked 
|  94|0x0000000088a00000, 0x0000000088a00000, 0x0000000088b00000|  0%| F|  |TAMS 0x0000000088a00000, 0x0000000088a00000| Untracked 
|  95|0x0000000088b00000, 0x0000000088b00000, 0x0000000088c00000|  0%| F|  |TAMS 0x0000000088b00000, 0x0000000088b00000| Untracked 
|  96|0x0000000088c00000, 0x0000000088c00000, 0x0000000088d00000|  0%| F|  |TAMS 0x0000000088c00000, 0x0000000088c00000| Untracked 
|  97|0x0000000088d00000, 0x0000000088d00000, 0x0000000088e00000|  0%| F|  |TAMS 0x0000000088d00000, 0x0000000088d00000| Untracked 
|  98|0x0000000088e00000, 0x0000000088e00000, 0x0000000088f00000|  0%| F|  |TAMS 0x0000000088e00000, 0x0000000088e00000| Untracked 
|  99|0x0000000088f00000, 0x0000000088f00000, 0x0000000089000000|  0%| F|  |TAMS 0x0000000088f00000, 0x0000000088f00000| Untracked 
| 100|0x0000000089000000, 0x0000000089000000, 0x0000000089100000|  0%| F|  |TAMS 0x0000000089000000, 0x0000000089000000| Untracked 
| 101|0x0000000089100000, 0x0000000089100000, 0x0000000089200000|  0%| F|  |TAMS 0x0000000089100000, 0x0000000089100000| Untracked 
| 102|0x0000000089200000, 0x0000000089200000, 0x0000000089300000|  0%| F|  |TAMS 0x0000000089200000, 0x0000000089200000| Untracked 
| 103|0x0000000089300000, 0x0000000089300000, 0x0000000089400000|  0%| F|  |TAMS 0x0000000089300000, 0x0000000089300000| Untracked 
| 104|0x0000000089400000, 0x0000000089400000, 0x0000000089500000|  0%| F|  |TAMS 0x0000000089400000, 0x0000000089400000| Untracked 
| 105|0x0000000089500000, 0x0000000089500000, 0x0000000089600000|  0%| F|  |TAMS 0x0000000089500000, 0x0000000089500000| Untracked 
| 106|0x0000000089600000, 0x0000000089600000, 0x0000000089700000|  0%| F|  |TAMS 0x0000000089600000, 0x0000000089600000| Untracked 
| 107|0x0000000089700000, 0x0000000089700000, 0x0000000089800000|  0%| F|  |TAMS 0x0000000089700000, 0x0000000089700000| Untracked 
| 108|0x0000000089800000, 0x0000000089800000, 0x0000000089900000|  0%| F|  |TAMS 0x0000000089800000, 0x0000000089800000| Untracked 
| 109|0x0000000089900000, 0x0000000089900000, 0x0000000089a00000|  0%| F|  |TAMS 0x0000000089900000, 0x0000000089900000| Untracked 
| 110|0x0000000089a00000, 0x0000000089a00000, 0x0000000089b00000|  0%| F|  |TAMS 0x0000000089a00000, 0x0000000089a00000| Untracked 
| 111|0x0000000089b00000, 0x0000000089b00000, 0x0000000089c00000|  0%| F|  |TAMS 0x0000000089b00000, 0x0000000089b00000| Untracked 
| 112|0x0000000089c00000, 0x0000000089c00000, 0x0000000089d00000|  0%| F|  |TAMS 0x0000000089c00000, 0x0000000089c00000| Untracked 
| 113|0x0000000089d00000, 0x0000000089d00000, 0x0000000089e00000|  0%| F|  |TAMS 0x0000000089d00000, 0x0000000089d00000| Untracked 
| 114|0x0000000089e00000, 0x0000000089e00000, 0x0000000089f00000|  0%| F|  |TAMS 0x0000000089e00000, 0x0000000089e00000| Untracked 
| 115|0x0000000089f00000, 0x0000000089f00000, 0x000000008a000000|  0%| F|  |TAMS 0x0000000089f00000, 0x0000000089f00000| Untracked 
| 116|0x000000008a000000, 0x000000008a0739c0, 0x000000008a100000| 45%| S|CS|TAMS 0x000000008a000000, 0x000000008a000000| Complete 
| 117|0x000000008a100000, 0x000000008a200000, 0x000000008a200000|100%| S|CS|TAMS 0x000000008a100000, 0x000000008a100000| Complete 
| 118|0x000000008a200000, 0x000000008a200000, 0x000000008a300000|  0%| F|  |TAMS 0x000000008a200000, 0x000000008a200000| Untracked 
| 119|0x000000008a300000, 0x000000008a300000, 0x000000008a400000|  0%| F|  |TAMS 0x000000008a300000, 0x000000008a300000| Untracked 
| 120|0x000000008a400000, 0x000000008a400000, 0x000000008a500000|  0%| F|  |TAMS 0x000000008a400000, 0x000000008a400000| Untracked 
| 121|0x000000008a500000, 0x000000008a500000, 0x000000008a600000|  0%| F|  |TAMS 0x000000008a500000, 0x000000008a500000| Untracked 
| 122|0x000000008a600000, 0x000000008a600000, 0x000000008a700000|  0%| F|  |TAMS 0x000000008a600000, 0x000000008a600000| Untracked 
| 123|0x000000008a700000, 0x000000008a700000, 0x000000008a800000|  0%| F|  |TAMS 0x000000008a700000, 0x000000008a700000| Untracked 
| 124|0x000000008a800000, 0x000000008a800000, 0x000000008a900000|  0%| F|  |TAMS 0x000000008a800000, 0x000000008a800000| Untracked 
| 125|0x000000008a900000, 0x000000008a900000, 0x000000008aa00000|  0%| F|  |TAMS 0x000000008a900000, 0x000000008a900000| Untracked 

Card table byte_map: [0x000001c92f540000,0x000001c92f930000] _byte_map_base: 0x000001c92f12a000

Marking Bits (Prev, Next): (CMBitMap*) 0x000001c9177f8500, (CMBitMap*) 0x000001c9177f84c8
 Prev Bits: [0x000001c931c70000, 0x000001c933bc0000)
 Next Bits: [0x000001c92fd20000, 0x000001c931c70000)

Polling page: 0x000001c9169a0000

Metaspace:

Usage:
  Non-class:     16.46 MB capacity,    16.05 MB ( 97%) used,   354.61 KB (  2%) free+waste,    67.81 KB ( <1%) overhead. 
      Class:      2.35 MB capacity,     2.11 MB ( 89%) used,   219.55 KB (  9%) free+waste,    35.06 KB (  1%) overhead. 
       Both:     18.82 MB capacity,    18.15 MB ( 96%) used,   574.16 KB (  3%) free+waste,   102.88 KB ( <1%) overhead. 

Virtual space:
  Non-class space:       40.00 MB reserved,      16.50 MB ( 41%) committed 
      Class space:        1.00 GB reserved,       2.38 MB ( <1%) committed 
             Both:        1.04 GB reserved,      18.88 MB (  2%) committed 

Chunk freelists:
   Non-Class:  40.00 KB
       Class:  0 bytes
        Both:  40.00 KB

MaxMetaspaceSize: 17179869184.00 GB
CompressedClassSpaceSize: 1.00 GB

CodeHeap 'non-profiled nmethods': size=238336Kb used=2496Kb max_used=2496Kb free=235839Kb
 bounds [0x000001c920550000, 0x000001c9207d0000, 0x000001c92ee10000]
CodeHeap 'non-nmethods': size=7424Kb used=1135Kb max_used=1135Kb free=6288Kb
 bounds [0x000001c91fe10000, 0x000001c920080000, 0x000001c920550000]
 total_blobs=2268 nmethods=1808 adapters=386
 compilation: disabled (not enough contiguous free space left)
              stopped_count=1, restarted_count=0
 full_count=2

Compilation events (20 events):
Event: 10.665 Thread 0x000001c936f03800 1799       1       jdk.internal.org.objectweb.asm.ClassWriter::newConstItem (320 bytes)
Event: 10.667 Thread 0x000001c936f03800 nmethod 1799 0x000001c9207bc610 code [0x000001c9207bc9c0, 0x000001c9207bda58]
Event: 10.667 Thread 0x000001c936f03800 1800       1       org.springframework.boot.context.properties.source.ConfigurationPropertyName$Elements::canShortcutWithSource (7 bytes)
Event: 10.667 Thread 0x000001c936f03800 nmethod 1800 0x000001c9207be310 code [0x000001c9207be4c0, 0x000001c9207be5a8]
Event: 10.667 Thread 0x000001c936f03800 1801       1       org.springframework.boot.context.properties.source.DefaultPropertyMapper$LastMapping::getMapping (5 bytes)
Event: 10.667 Thread 0x000001c936f03800 nmethod 1801 0x000001c9207be690 code [0x000001c9207be840, 0x000001c9207be8f8]
Event: 10.667 Thread 0x000001c936f03800 1802       1       org.springframework.boot.context.properties.source.SpringIterableConfigurationPropertySource::getPropertySource (5 bytes)
Event: 10.667 Thread 0x000001c936f03800 nmethod 1802 0x000001c9207be990 code [0x000001c9207beb40, 0x000001c9207bec38]
Event: 10.667 Thread 0x000001c936f03800 1803       1       java.util.concurrent.CopyOnWriteArrayList::elementAt (4 bytes)
Event: 10.667 Thread 0x000001c936f03800 nmethod 1803 0x000001c9207bed10 code [0x000001c9207beec0, 0x000001c9207bef78]
Event: 10.667 Thread 0x000001c936f03800 1804       1       java.util.concurrent.CopyOnWriteArrayList::get (9 bytes)
Event: 10.667 Thread 0x000001c936f03800 nmethod 1804 0x000001c9207bf010 code [0x000001c9207bf1c0, 0x000001c9207bf298]
Event: 10.667 Thread 0x000001c936f03800 1805       1       org.springframework.core.env.MapPropertySource::getProperty (14 bytes)
Event: 10.668 Thread 0x000001c936f03800 nmethod 1805 0x000001c9207bf390 code [0x000001c9207bf540, 0x000001c9207bf668]
Event: 10.668 Thread 0x000001c936f03800 1806       1       ch.qos.logback.classic.Logger::callTurboFilters (14 bytes)
Event: 10.668 Thread 0x000001c936f03800 nmethod 1806 0x000001c9207bf710 code [0x000001c9207bf8c0, 0x000001c9207bfa08]
Event: 10.668 Thread 0x000001c936f03800 1807       1       ch.qos.logback.classic.LoggerContext::getTurboFilterChainDecision_0_3OrMore (31 bytes)
Event: 10.668 Thread 0x000001c936f03800 nmethod 1807 0x000001c9207bfb90 code [0x000001c9207bfd40, 0x000001c9207bfe68]
Event: 10.668 Thread 0x000001c936f03800 1810   !   1       org.springframework.boot.context.properties.source.SpringConfigurationPropertySource::getConfigurationProperty (118 bytes)
Event: 10.670 Thread 0x000001c936f03800 


GC Heap History (6 events):
Event: 10.011 GC heap before
{Heap before GC invocations=0 (full 0):
 garbage-first heap   total 129024K, used 24576K [0x0000000082c00000, 0x0000000100000000)
  region size 1024K, 24 young (24576K), 0 survivors (0K)
 Metaspace       used 14086K, capacity 14488K, committed 14720K, reserved 1062912K
  class space    used 1483K, capacity 1600K, committed 1664K, reserved 1048576K
}
Event: 10.025 GC heap after
{Heap after GC invocations=1 (full 0):
 garbage-first heap   total 129024K, used 7217K [0x0000000082c00000, 0x0000000100000000)
  region size 1024K, 3 young (3072K), 3 survivors (3072K)
 Metaspace       used 14086K, capacity 14488K, committed 14720K, reserved 1062912K
  class space    used 1483K, capacity 1600K, committed 1664K, reserved 1048576K
}
Event: 10.473 GC heap before
{Heap before GC invocations=1 (full 0):
 garbage-first heap   total 129024K, used 23601K [0x0000000082c00000, 0x0000000100000000)
  region size 1024K, 20 young (20480K), 3 survivors (3072K)
 Metaspace       used 17452K, capacity 17972K, committed 18048K, reserved 1073152K
  class space    used 1952K, capacity 2151K, committed 2176K, reserved 1048576K
}
Event: 10.483 GC heap after
{Heap after GC invocations=2 (full 0):
 garbage-first heap   total 129024K, used 8475K [0x0000000082c00000, 0x0000000100000000)
  region size 1024K, 2 young (2048K), 2 survivors (2048K)
 Metaspace       used 17452K, capacity 17972K, committed 18048K, reserved 1073152K
  class space    used 1952K, capacity 2151K, committed 2176K, reserved 1048576K
}
Event: 10.686 GC heap before
{Heap before GC invocations=3 (full 0):
 garbage-first heap   total 129024K, used 15643K [0x0000000082c00000, 0x0000000100000000)
  region size 1024K, 10 young (10240K), 2 survivors (2048K)
 Metaspace       used 18589K, capacity 19267K, committed 19328K, reserved 1087488K
  class space    used 2156K, capacity 2411K, committed 2432K, reserved 1048576K
}
Event: 10.690 GC heap after
{Heap after GC invocations=4 (full 0):
 garbage-first heap   total 129024K, used 8868K [0x0000000082c00000, 0x0000000100000000)
  region size 1024K, 2 young (2048K), 2 survivors (2048K)
 Metaspace       used 18589K, capacity 19267K, committed 19328K, reserved 1087488K
  class space    used 2156K, capacity 2411K, committed 2432K, reserved 1048576K
}

Deoptimization events (0 events):
No events

Classes redefined (0 events):
No events

Internal exceptions (20 events):
Event: 10.446 Thread 0x000001c9386db000 Exception <a 'java/lang/NoSuchMethodError'{0x0000000089bcfb38}: 'java.lang.Object java.lang.invoke.DirectMethodHandle$Holder.invokeStatic(java.lang.Object, java.lang.Object, java.lang.Object, java.lang.Object, java.lang.Object, java.lang.Object, java.lang.Object, java.lang.Object, java.lang.Object, java.lang.Object, java.lang.Object, java.lang.Object, java.lang.Object, int, int)'> (0x0000000089bcfb38) thrown at [./src/hotspot/share/interpreter/linkResolver.cpp, line 773]
Event: 10.449 Thread 0x000001c9386db000 Exception <a 'java/lang/NoSuchMethodError'{0x0000000089be9860}: 'java.lang.Object java.lang.invoke.DelegatingMethodHandle$Holder.reinvoke_L(java.lang.Object, int, java.lang.Object)'> (0x0000000089be9860) thrown at [./src/hotspot/share/interpreter/linkResolver.cpp, line 773]
Event: 10.492 Thread 0x000001c9386db000 Exception <a 'java/lang/NoSuchMethodError'{0x000000008a9a3418}: <clinit>> (0x000000008a9a3418) thrown at [./src/hotspot/share/prims/jni.cpp, line 1362]
Event: 10.520 Thread 0x000001c9386db000 Exception <a 'java/lang/ClassNotFoundException'{0x000000008a81bb28}: javax/management/remote/rmi/RMIConnectionImpl_Skel> (0x000000008a81bb28) thrown at [./src/hotspot/share/classfile/systemDictionary.cpp, line 231]
Event: 10.521 Thread 0x000001c938791000 Exception <a 'java/lang/NoSuchMethodError'{0x000000008a87f8e8}: 'java.lang.Object java.lang.invoke.Invokers$Holder.linkToTargetMethod(java.lang.Object, long, java.lang.Object)'> (0x000000008a87f8e8) thrown at [./src/hotspot/share/interpreter/linkResolver.cpp, line 773]
Event: 10.545 Thread 0x000001c9386db000 Exception <a 'java/lang/reflect/InvocationTargetException'{0x000000008a796458}> (0x000000008a796458) thrown at [./src/hotspot/share/runtime/reflection.cpp, line 1247]
Event: 10.547 Thread 0x000001c9177b7800 Exception <a 'java/lang/NoSuchMethodError'{0x000000008a7644c0}: 'int java.lang.invoke.DirectMethodHandle$Holder.invokeVirtual(java.lang.Object, java.lang.Object)'> (0x000000008a7644c0) thrown at [./src/hotspot/share/interpreter/linkResolver.cpp, line 773]
Event: 10.551 Thread 0x000001c9386db000 Exception <a 'java/lang/NoSuchMethodError'{0x000000008a7baa60}: <clinit>> (0x000000008a7baa60) thrown at [./src/hotspot/share/prims/jni.cpp, line 1362]
Event: 10.573 Thread 0x000001c9177b7800 Exception <a 'java/lang/NoSuchMethodError'{0x000000008a68d078}: 'java.lang.Object java.lang.invoke.DirectMethodHandle$Holder.invokeStatic(java.lang.Object, java.lang.Object, java.lang.Object, int, java.lang.Object)'> (0x000000008a68d078) thrown at [./src/hotspot/share/interpreter/linkResolver.cpp, line 773]
Event: 10.574 Thread 0x000001c9177b7800 Exception <a 'java/lang/NoSuchMethodError'{0x000000008a693a80}: 'java.lang.Object java.lang.invoke.Invokers$Holder.linkToTargetMethod(java.lang.Object, java.lang.Object, int, java.lang.Object, java.lang.Object)'> (0x000000008a693a80) thrown at [./src/hotspot/share/interpreter/linkResolver.cpp, line 773]
Event: 10.575 Thread 0x000001c9177b7800 Exception <a 'java/lang/NoSuchMethodError'{0x000000008a69f3b0}: 'int java.lang.invoke.DirectMethodHandle$Holder.invokeStatic(java.lang.Object, int, java.lang.Object, java.lang.Object)'> (0x000000008a69f3b0) thrown at [./src/hotspot/share/interpreter/linkResolver.cpp, line 773]
Event: 10.576 Thread 0x000001c9177b7800 Exception <a 'java/lang/NoSuchMethodError'{0x000000008a6a6318}: 'java.lang.Object java.lang.invoke.DirectMethodHandle$Holder.invokeStatic(java.lang.Object, int, java.lang.Object)'> (0x000000008a6a6318) thrown at [./src/hotspot/share/interpreter/linkResolver.cpp, line 773]
Event: 10.577 Thread 0x000001c9177b7800 Exception <a 'java/lang/NoSuchMethodError'{0x000000008a6a9a78}: 'int java.lang.invoke.DirectMethodHandle$Holder.invokeSpecialIFC(java.lang.Object, java.lang.Object, java.lang.Object, java.lang.Object)'> (0x000000008a6a9a78) thrown at [./src/hotspot/share/interpreter/linkResolver.cpp, line 773]
Event: 10.642 Thread 0x000001c9177b7800 Exception <a 'java/lang/NoSuchMethodError'{0x000000008a300960}: 'int java.lang.invoke.DirectMethodHandle$Holder.invokeSpecialIFC(java.lang.Object, java.lang.Object, int)'> (0x000000008a300960) thrown at [./src/hotspot/share/interpreter/linkResolver.cpp, line 773]
Event: 10.652 Thread 0x000001c9177b7800 Exception <a 'java/lang/NoSuchMethodError'{0x000000008a368fe8}: 'void java.lang.invoke.DirectMethodHandle$Holder.invokeStatic(java.lang.Object, java.lang.Object, int)'> (0x000000008a368fe8) thrown at [./src/hotspot/share/interpreter/linkResolver.cpp, line 773]
Event: 10.653 Thread 0x000001c9177b7800 Exception <a 'java/lang/NoSuchMethodError'{0x000000008a3704d0}: 'void java.lang.invoke.DirectMethodHandle$Holder.invokeStaticInit(java.lang.Object, java.lang.Object)'> (0x000000008a3704d0) thrown at [./src/hotspot/share/interpreter/linkResolver.cpp, line 773]
Event: 10.657 Thread 0x000001c9177b7800 Exception <a 'java/lang/NoSuchMethodError'{0x000000008a395c78}: 'void java.lang.invoke.DirectMethodHandle$Holder.invokeStaticInit(java.lang.Object, java.lang.Object, java.lang.Object)'> (0x000000008a395c78) thrown at [./src/hotspot/share/interpreter/linkResolver.cpp, line 773]
Event: 10.677 Thread 0x000001c9177b7800 Exception <a 'java/lang/VirtualMachineError'{0x000000008a26dca0}: Out of space in CodeCache for method handle intrinsic> (0x000000008a26dca0) thrown at [./src/hotspot/share/classfile/systemDictionary.cpp, line 2421]
Event: 10.677 Thread 0x000001c9177b7800 Exception <a 'java/lang/NoSuchMethodError'{0x000000008a26e2c8}: 'void java.lang.invoke.MethodHandle.linkToVirtual(java.lang.Object, java.lang.Object, java.lang.Object, java.lang.invoke.MemberName)'> (0x000000008a26e2c8) thrown at [./src/hotspot/share/interpreter/linkResolver.cpp, line 773]
Event: 10.678 Thread 0x000001c9177b7800 Exception <a 'java/lang/NoSuchMethodError'{0x000000008a274e08}: 'void java.lang.invoke.DirectMethodHandle$Holder.invokeSpecial(java.lang.Object, java.lang.Object, java.lang.Object, java.lang.Object, java.lang.Object)'> (0x000000008a274e08) thrown at [./src/hotspot/share/interpreter/linkResolver.cpp, line 773]

Events (20 events):
Event: 10.680 loading class org/springframework/boot/logging/DeferredLog$1 done
Event: 10.682 loading class org/springframework/boot/SpringBootExceptionReporter
Event: 10.682 loading class org/springframework/boot/SpringBootExceptionReporter done
Event: 10.682 loading class org/springframework/boot/diagnostics/FailureAnalyzers
Event: 10.682 loading class org/springframework/boot/diagnostics/FailureAnalyzers done
Event: 10.683 loading class org/springframework/boot/diagnostics/FailureAnalyzer
Event: 10.683 loading class org/springframework/boot/diagnostics/FailureAnalyzer done
Event: 10.683 loading class org/springframework/boot/context/config/ConfigDataNotFoundFailureAnalyzer
Event: 10.683 loading class org/springframework/boot/context/config/ConfigDataNotFoundFailureAnalyzer done
Event: 10.683 loading class org/springframework/boot/diagnostics/AbstractFailureAnalyzer
Event: 10.683 loading class org/springframework/boot/diagnostics/AbstractFailureAnalyzer done
Event: 10.684 loading class org/springframework/context/EnvironmentAware
Event: 10.684 loading class org/springframework/context/EnvironmentAware done
Event: 10.684 loading class org/springframework/boot/context/properties/IncompatibleConfigurationFailureAnalyzer
Event: 10.684 loading class org/springframework/boot/context/properties/IncompatibleConfigurationFailureAnalyzer done
Event: 10.685 loading class org/springframework/boot/context/properties/NotConstructorBoundInjectionFailureAnalyzer
Event: 10.685 loading class org/springframework/boot/context/properties/NotConstructorBoundInjectionFailureAnalyzer done
Event: 10.685 loading class org/springframework/boot/diagnostics/analyzer/AbstractInjectionFailureAnalyzer
Event: 10.685 loading class org/springframework/boot/diagnostics/analyzer/AbstractInjectionFailureAnalyzer done
Event: 10.686 Executing VM operation: CollectForMetadataAllocation


Dynamic libraries:
0x00007ff764830000 - 0x00007ff76483d000 	C:\Users\GBOUZAZI\AppData\Local\Programs\AdoptOpenJDK\jdk-11.0.9.11-hotspot\bin\java.exe
0x00007ffa5cff0000 - 0x00007ffa5d1e5000 	C:\WINDOWS\SYSTEM32\ntdll.dll
0x00007ffa5b930000 - 0x00007ffa5b9ed000 	C:\WINDOWS\System32\KERNEL32.DLL
0x00007ffa5abf0000 - 0x00007ffa5aeb8000 	C:\WINDOWS\System32\KERNELBASE.dll
0x00007ffa5aec0000 - 0x00007ffa5afc0000 	C:\WINDOWS\System32\ucrtbase.dll
0x00007ffa50650000 - 0x00007ffa50667000 	C:\Users\GBOUZAZI\AppData\Local\Programs\AdoptOpenJDK\jdk-11.0.9.11-hotspot\bin\jli.dll
0x00007ffa5b200000 - 0x00007ffa5b3a0000 	C:\WINDOWS\System32\USER32.dll
0x00007ffa5b020000 - 0x00007ffa5b042000 	C:\WINDOWS\System32\win32u.dll
0x00007ffa5bdc0000 - 0x00007ffa5bdea000 	C:\WINDOWS\System32\GDI32.dll
0x00007ffa5a860000 - 0x00007ffa5a96b000 	C:\WINDOWS\System32\gdi32full.dll
0x00007ffa5aad0000 - 0x00007ffa5ab6d000 	C:\WINDOWS\System32\msvcp_win.dll
0x00007ffa4d480000 - 0x00007ffa4d71a000 	C:\WINDOWS\WinSxS\amd64_microsoft.windows.common-controls_6595b64144ccf1df_6.0.19041.844_none_ca00b6081b84eb1d\COMCTL32.dll
0x00007ffa5bd10000 - 0x00007ffa5bdae000 	C:\WINDOWS\System32\msvcrt.dll
0x00007ffa50470000 - 0x00007ffa50485000 	C:\Users\GBOUZAZI\AppData\Local\Programs\AdoptOpenJDK\jdk-11.0.9.11-hotspot\bin\VCRUNTIME140.dll
0x00007ffa5cd90000 - 0x00007ffa5cdc0000 	C:\WINDOWS\System32\IMM32.DLL
0x00007ffa51340000 - 0x00007ffa51542000 	C:\WINDOWS\system32\tmumh\20019\AddOn\8.53.0.1073\TmUmEvt64.dll
0x00007ffa5bdb0000 - 0x00007ffa5bdb8000 	C:\WINDOWS\System32\PSAPI.DLL
0x00007ffa5ce60000 - 0x00007ffa5cf0c000 	C:\WINDOWS\System32\ADVAPI32.dll
0x00007ffa5cdc0000 - 0x00007ffa5ce5b000 	C:\WINDOWS\System32\sechost.dll
0x00007ffa5b9f0000 - 0x00007ffa5bb1b000 	C:\WINDOWS\System32\RPCRT4.dll
0x0000000050610000 - 0x000000005077e000 	C:\Windows\system32\tmumh\20019\TmMon\2.8.0.1049\tmmon64.dll
0x00007ffa32eb0000 - 0x00007ffa32f4b000 	C:\Users\GBOUZAZI\AppData\Local\Programs\AdoptOpenJDK\jdk-11.0.9.11-hotspot\bin\msvcp140.dll
0x00007ffa18c10000 - 0x00007ffa19753000 	C:\Users\GBOUZAZI\AppData\Local\Programs\AdoptOpenJDK\jdk-11.0.9.11-hotspot\bin\server\jvm.dll
0x00007ffa46c80000 - 0x00007ffa46c89000 	C:\WINDOWS\SYSTEM32\WSOCK32.dll
0x00007ffa5bbf0000 - 0x00007ffa5bc5b000 	C:\WINDOWS\System32\WS2_32.dll
0x00007ffa51670000 - 0x00007ffa51697000 	C:\WINDOWS\SYSTEM32\WINMM.dll
0x00007ffa54530000 - 0x00007ffa5453a000 	C:\WINDOWS\SYSTEM32\VERSION.dll
0x00007ffa590c0000 - 0x00007ffa590d2000 	C:\WINDOWS\SYSTEM32\kernel.appcore.dll
0x00007ffa522a0000 - 0x00007ffa522b0000 	C:\Users\GBOUZAZI\AppData\Local\Programs\AdoptOpenJDK\jdk-11.0.9.11-hotspot\bin\verify.dll
0x00007ffa564f0000 - 0x00007ffa566d4000 	C:\WINDOWS\SYSTEM32\DBGHELP.DLL
0x00007ffa4b320000 - 0x00007ffa4b34c000 	C:\WINDOWS\SYSTEM32\dbgcore.DLL
0x00007ffa5ab70000 - 0x00007ffa5abf0000 	C:\WINDOWS\System32\bcryptPrimitives.dll
0x00007ffa503b0000 - 0x00007ffa503d8000 	C:\Users\GBOUZAZI\AppData\Local\Programs\AdoptOpenJDK\jdk-11.0.9.11-hotspot\bin\java.dll
0x00007ffa50640000 - 0x00007ffa5064a000 	C:\Users\GBOUZAZI\AppData\Local\Programs\AdoptOpenJDK\jdk-11.0.9.11-hotspot\bin\jimage.dll
0x00007ffa504d0000 - 0x00007ffa504de000 	C:\Users\GBOUZAZI\AppData\Local\Programs\AdoptOpenJDK\jdk-11.0.9.11-hotspot\bin\instrument.dll
0x00007ffa4b980000 - 0x00007ffa4b997000 	C:\Users\GBOUZAZI\AppData\Local\Programs\AdoptOpenJDK\jdk-11.0.9.11-hotspot\bin\zip.dll
0x00007ffa5c4b0000 - 0x00007ffa5cbf2000 	C:\WINDOWS\System32\SHELL32.dll
0x00007ffa58540000 - 0x00007ffa58cd0000 	C:\WINDOWS\SYSTEM32\windows.storage.dll
0x00007ffa5b4b0000 - 0x00007ffa5b805000 	C:\WINDOWS\System32\combase.dll
0x00007ffa5a0d0000 - 0x00007ffa5a0fc000 	C:\WINDOWS\SYSTEM32\Wldp.dll
0x00007ffa5b3a0000 - 0x00007ffa5b44e000 	C:\WINDOWS\System32\SHCORE.dll
0x00007ffa5c430000 - 0x00007ffa5c485000 	C:\WINDOWS\System32\shlwapi.dll
0x00007ffa5a670000 - 0x00007ffa5a68f000 	C:\WINDOWS\SYSTEM32\profapi.dll
0x00007ffa4b960000 - 0x00007ffa4b979000 	C:\Users\GBOUZAZI\AppData\Local\Programs\AdoptOpenJDK\jdk-11.0.9.11-hotspot\bin\net.dll
0x00007ffa57dd0000 - 0x00007ffa57edb000 	C:\WINDOWS\SYSTEM32\WINHTTP.dll
0x00007ffa59eb0000 - 0x00007ffa59f1a000 	C:\WINDOWS\system32\mswsock.dll
0x00007ffa4b940000 - 0x00007ffa4b952000 	C:\Users\GBOUZAZI\AppData\Local\Programs\AdoptOpenJDK\jdk-11.0.9.11-hotspot\bin\nio.dll
0x00007ffa4b7e0000 - 0x00007ffa4b7fa000 	C:\Users\GBOUZAZI\AppData\Local\JetBrains\Toolbox\apps\IDEA-U\ch-0\211.7142.45\bin\breakgen64.dll
0x00007ffa59bb0000 - 0x00007ffa59c7c000 	C:\WINDOWS\SYSTEM32\DNSAPI.dll
0x00007ffa59b70000 - 0x00007ffa59bab000 	C:\WINDOWS\SYSTEM32\IPHLPAPI.DLL
0x00007ffa5bdf0000 - 0x00007ffa5bdf8000 	C:\WINDOWS\System32\NSI.dll
0x00007ffa52560000 - 0x00007ffa5256a000 	C:\Windows\System32\rasadhlp.dll
0x00007ffa56fb0000 - 0x00007ffa5702f000 	C:\WINDOWS\System32\fwpuclnt.dll
0x00007ffa5a830000 - 0x00007ffa5a857000 	C:\WINDOWS\System32\bcrypt.dll
0x00007ffa504b0000 - 0x00007ffa504b9000 	C:\Users\GBOUZAZI\AppData\Local\Programs\AdoptOpenJDK\jdk-11.0.9.11-hotspot\bin\management.dll
0x00007ffa50370000 - 0x00007ffa5037b000 	C:\Users\GBOUZAZI\AppData\Local\Programs\AdoptOpenJDK\jdk-11.0.9.11-hotspot\bin\management_ext.dll
0x00007ffa5a110000 - 0x00007ffa5a128000 	C:\WINDOWS\SYSTEM32\CRYPTSP.dll
0x00007ffa59800000 - 0x00007ffa59834000 	C:\WINDOWS\system32\rsaenh.dll
0x00007ffa5a5f0000 - 0x00007ffa5a61e000 	C:\WINDOWS\SYSTEM32\USERENV.dll
0x00007ffa5a030000 - 0x00007ffa5a03c000 	C:\WINDOWS\SYSTEM32\CRYPTBASE.dll
0x00007ffa56350000 - 0x00007ffa56367000 	C:\WINDOWS\SYSTEM32\dhcpcsvc6.DLL
0x00007ffa56750000 - 0x00007ffa5676d000 	C:\WINDOWS\SYSTEM32\dhcpcsvc.DLL
0x00007ffa39e40000 - 0x00007ffa39e57000 	C:\WINDOWS\system32\napinsp.dll
0x00007ffa39820000 - 0x00007ffa3983b000 	C:\WINDOWS\system32\pnrpnsp.dll
0x00007ffa397d0000 - 0x00007ffa397e5000 	C:\WINDOWS\system32\wshbth.dll
0x00007ffa556d0000 - 0x00007ffa556ed000 	C:\WINDOWS\system32\NLAapi.dll
0x00007ffa396c0000 - 0x00007ffa396d2000 	C:\WINDOWS\System32\winrnr.dll

dbghelp: loaded successfully - version: 4.0.5 - missing functions: none
symbol engine: initialized successfully - sym options: 0x614 - pdb path: .;C:\Users\GBOUZAZI\AppData\Local\Programs\AdoptOpenJDK\jdk-11.0.9.11-hotspot\bin;C:\WINDOWS\SYSTEM32;C:\WINDOWS\WinSxS\amd64_microsoft.windows.common-controls_6595b64144ccf1df_6.0.19041.844_none_ca00b6081b84eb1d;C:\WINDOWS\system32\tmumh\20019\AddOn\8.53.0.1073;C:\Windows\system32\tmumh\20019\TmMon\2.8.0.1049;C:\Users\GBOUZAZI\AppData\Local\Programs\AdoptOpenJDK\jdk-11.0.9.11-hotspot\bin\server;C:\Users\GBOUZAZI\AppData\Local\JetBrains\Toolbox\apps\IDEA-U\ch-0\211.7142.45\bin

VM Arguments:
jvm_args: -XX:TieredStopAtLevel=1 -Xverify:none -Dspring.output.ansi.enabled=always -javaagent:C:\Users\GBOUZAZI\AppData\Local\JetBrains\Toolbox\apps\IDEA-U\ch-0\211.7142.45\lib\idea_rt.jar=56505:C:\Users\GBOUZAZI\AppData\Local\JetBrains\Toolbox\apps\IDEA-U\ch-0\211.7142.45\bin -Dcom.sun.management.jmxremote -Dspring.jmx.enabled=true -Dspring.liveBeansView.mbeanDomain -Dspring.application.admin.enabled=true -Dfile.encoding=UTF-8 
java_command: com.openclassrooms.paymybuddy.PayMyBuddyApplication
java_class_path (initial): C:\Users\GBOUZAZI\Desktop\PayMyBuddy\target\classes;C:\Users\GBOUZAZI\.m2\repository\org\springframework\boot\spring-boot-starter-data-jdbc\2.5.0\spring-boot-starter-data-jdbc-2.5.0.jar;C:\Users\GBOUZAZI\.m2\repository\org\springframework\boot\spring-boot-starter-jdbc\2.5.0\spring-boot-starter-jdbc-2.5.0.jar;C:\Users\GBOUZAZI\.m2\repository\com\zaxxer\HikariCP\4.0.3\HikariCP-4.0.3.jar;C:\Users\GBOUZAZI\.m2\repository\org\springframework\spring-jdbc\5.3.7\spring-jdbc-5.3.7.jar;C:\Users\GBOUZAZI\.m2\repository\org\springframework\data\spring-data-jdbc\2.2.1\spring-data-jdbc-2.2.1.jar;C:\Users\GBOUZAZI\.m2\repository\org\springframework\data\spring-data-relational\2.2.1\spring-data-relational-2.2.1.jar;C:\Users\GBOUZAZI\.m2\repository\org\springframework\data\spring-data-commons\2.5.1\spring-data-commons-2.5.1.jar;C:\Users\GBOUZAZI\.m2\repository\org\springframework\spring-tx\5.3.7\spring-tx-5.3.7.jar;C:\Users\GBOUZAZI\.m2\repository\org\springframework\spring-context\5.3.7\spring-context-5.3.7.jar;C:\Users\GBOUZAZI\.m2\repository\org\springframework\spring-beans\5.3.7\spring-beans-5.3.7.jar;C:\Users\GBOUZAZI\.m2\repository\org\slf4j\slf4j-api\1.7.30\slf4j-api-1.7.30.jar;C:\Users\GBOUZAZI\.m2\repository\org\springframework\boot\spring-boot-starter-data-jpa\2.5.0\spring-boot-starter-data-jpa-2.5.0.jar;C:\Users\GBOUZAZI\.m2\repository\org\springframework\boot\spring-boot-starter-aop\2.5.0\spring-boot-starter-aop-2.5.0.jar;C:\Users\GBOUZAZI\.m2\repository\org\springframework\spring-aop\5.3.7\spring-aop-5.3.7.jar;C:\Users\GBOUZAZI\.m2\repository\org\aspectj\aspectjweaver\1.9.6\aspectjweaver-1.9.6.jar;C:\Users\GBOUZAZI\.m2\repository\jakarta\transaction\jakarta.transaction-api\1.3.3\jakarta.transaction-api-1.3.3.jar;C:\Users\GBOUZAZI\.m2\repository\jakarta\persistence\jakarta.persistence-api\2.2.3\jakarta.persistence-api-2.2.3.jar;C:\Users\GBOUZAZI\.m2\repository\org\hibernate\hibernate-core\5.4.31.Final\hibernate-core-5.4.31.Final.jar;C:\Users\
Launcher Type: SUN_STANDARD

[Global flags]
     bool BytecodeVerificationLocal                = false                                     {product} {command line}
     bool BytecodeVerificationRemote               = false                                     {product} {command line}
     intx CICompilerCount                          = 4                                         {product} {ergonomic}
     uint ConcGCThreads                            = 2                                         {product} {ergonomic}
     uint G1ConcRefinementThreads                  = 8                                         {product} {ergonomic}
   size_t G1HeapRegionSize                         = 1048576                                   {product} {ergonomic}
    uintx GCDrainStackTargetSize                   = 64                                        {product} {ergonomic}
   size_t InitialHeapSize                          = 132120576                                 {product} {ergonomic}
     bool ManagementServer                         = true                                      {product} {command line}
   size_t MarkStackSize                            = 4194304                                   {product} {ergonomic}
   size_t MaxHeapSize                              = 2101346304                                {product} {ergonomic}
   size_t MaxNewSize                               = 1260388352                                {product} {ergonomic}
   size_t MinHeapDeltaBytes                        = 1048576                                   {product} {ergonomic}
    uintx NonNMethodCodeHeapSize                   = 7549744                                {pd product} {ergonomic}
    uintx NonProfiledCodeHeapSize                  = 244108496                              {pd product} {ergonomic}
    uintx ProfiledCodeHeapSize                     = 0                                      {pd product} {ergonomic}
    uintx ReservedCodeCacheSize                    = 251658240                              {pd product} {ergonomic}
     bool SegmentedCodeCache                       = true                                      {product} {ergonomic}
     intx TieredStopAtLevel                        = 1                                         {product} {command line}
     bool UseCompressedClassPointers               = true                                 {lp64_product} {ergonomic}
     bool UseCompressedOops                        = true                                 {lp64_product} {ergonomic}
     bool UseG1GC                                  = true                                      {product} {ergonomic}
     bool UseLargePagesIndividualAllocation        = false                                  {pd product} {ergonomic}

Logging:
Log output configuration:
 #0: stdout all=warning uptime,level,tags
 #1: stderr all=off uptime,level,tags

Environment Variables:
JAVA_HOME=C:\Users\GBOUZAZI\AppData\Local\Programs\AdoptOpenJDK\jdk-11.0.9.11-hotspot\
PATH=C:\Program Files\Common Files\Oracle\Java\javapath;C:\WINDOWS\system32;C:\WINDOWS;C:\WINDOWS\System32\Wbem;C:\WINDOWS\System32\WindowsPowerShell\v1.0\;C:\WINDOWS\System32\OpenSSH\;D:\Tools\apache-maven-3.6.3\bin;D:\Tools\gradle-6.2.2\bin;C:\Program Files\Intel\WiFi\bin\;C:\Program Files\Common Files\Intel\WirelessCommon\;C:\Program Files (x86)\IBM\Personal Communications\;C:\Program Files (x86)\IBM\Trace Facility\;C:\Program Files\Git\cmd;C:\ProgramData\chocolatey\bin;C:\ProgramData\nvm;C:\Program Files\nodejs;C:\Program Files (x86)\Intel\Intel(R) Management Engine Components\DAL;C:\Program Files\Intel\Intel(R) Management Engine Components\DAL;C:\Program Files\nodejs\;C:\Program Files\MySQL\MySQL Server 8.0\bin;C:\apache-maven-3.6.3\bin;;C:\Program Files\Docker\Docker\resources\bin;C:\ProgramData\DockerDesktop\version-bin;C:\Users\GBOUZAZI\AppData\Local\Programs\Python\Python38\Scripts\;C:\Users\GBOUZAZI\AppData\Local\Programs\Python\Python38\;C:\Users\GBOUZAZI\AppData\Local\Programs\AdoptOpenJDK\jdk-11.0.9.11-hotspot\bin;C:\Ruby26-x64\bin;C:\Users\GBOUZAZI\AppData\Local\Microsoft\WindowsApps;C:\Users\GBOUZAZI\AppData\Local\Programs\Microsoft VS Code\bin;C:\Users\GBOUZAZI\AppData\Roaming\npm;C:\Program Files\JetBrains\WebStorm 2020.2.4\bin;C:\Users\GBOUZAZI\AppData\Local\Microsoft\WindowsApps
USERNAME=GBOUZAZI
OS=Windows_NT
PROCESSOR_IDENTIFIER=Intel64 Family 6 Model 142 Stepping 10, GenuineIntel



---------------  S Y S T E M  ---------------

OS: Windows 10 , 64 bit Build 19041 (10.0.19041.928)
OS uptime: 3 days 0:13 hours
HyperV virtualization detected

CPU:total 8 (initial active 8) (4 cores per cpu, 2 threads per core) family 6 model 142 stepping 10, cmov, cx8, fxsr, mmx, sse, sse2, sse3, ssse3, sse4.1, sse4.2, popcnt, avx, avx2, aes, clmul, erms, 3dnowpref, lzcnt, ht, tsc, tscinvbit, bmi1, bmi2, adx, fma

Memory: 4k page, system-wide physical 8010M (452M free)
TotalPageFile size 26798M (AvailPageFile size 0M)
current process WorkingSet (physical memory assigned to process): 93M, peak: 93M
current process commit charge ("private bytes"): 227M, peak: 228M

vm_info: OpenJDK 64-Bit Server VM (11.0.9+11) for windows-amd64 JRE (11.0.9+11), built on Oct 24 2020 15:15:35 by "" with MS VC++ 15.9 (VS2017)

END.
